<?xml version="1.0" encoding="UTF-8"?>
<!-- Generated by org.testng.reporters.JUnitReportReporter -->
<testsuite hostname="AJ" failures="0" tests="1" name="testCases.TC_01_flightBook" time="0.557" errors="0" timestamp="2024-02-25T00:22:11 IST" skipped="0">
  <testcase classname="testCases.TC_01_flightBook" name="americanAirlines" time="0.557"/>
</testsuite> <!-- testCases.TC_01_flightBook -->
