<?xml version="1.0" encoding="UTF-8"?>
<!-- Generated by org.testng.reporters.JUnitReportReporter -->
<testsuite hostname="AJ" failures="0" tests="1" name="cucumber.TestNGTestRunner" time="19.522" errors="0" timestamp="2024-09-10T12:50:10 IST" skipped="0">
  <testcase classname="cucumber.TestNGTestRunner" name="runScenario" time="19.522"/>
</testsuite> <!-- cucumber.TestNGTestRunner -->
