<?xml version="1.0" encoding="UTF-8"?>
<!-- Generated by org.testng.reporters.JUnitReportReporter -->
<testsuite hostname="AJ" failures="0" tests="3" name="TestApplication.day4" time="0.013" errors="0" timestamp="2024-08-12T16:54:04 IST" skipped="0">
  <testcase classname="TestApplication.day4" name="loginApi" time="0.003"/>
  <testcase classname="TestApplication.day4" name="mobileloginHome" time="0.003"/>
  <testcase classname="TestApplication.day4" name="webLogin" time="0.007"/>
</testsuite> <!-- TestApplication.day4 -->
