<?xml version="1.0" encoding="UTF-8"?>
<!-- Generated by org.testng.reporters.JUnitReportReporter -->
<testsuite hostname="AJ" failures="0" tests="1" name="TestApplication.Day2" time="0.003" errors="0" timestamp="2024-08-12T16:54:04 IST" skipped="0">
  <testcase classname="TestApplication.Day2" name="personalLoan" time="0.003"/>
</testsuite> <!-- TestApplication.Day2 -->
