<?xml version="1.0" encoding="UTF-8"?>
<!-- Generated by org.testng.reporters.JUnitReportReporter -->
<testsuite hostname="AJ" failures="0" tests="1" name="Practice.PS1" time="0.042" errors="0" timestamp="2024-08-16T13:31:52 IST" skipped="0">
  <testcase classname="Practice.PS1" name="testRun" time="0.042"/>
</testsuite> <!-- Practice.PS1 -->
