<?xml version="1.0" encoding="UTF-8"?>
<!-- Generated by org.testng.reporters.JUnitReportReporter -->
<testsuite hostname="AJ" failures="0" tests="1" name="testcasesScript.TC_01" time="11.241" errors="0" timestamp="2024-01-11T10:02:58 IST" skipped="0">
  <testcase classname="testcasesScript.TC_01" name="m1" time="11.241"/>
</testsuite> <!-- testcasesScript.TC_01 -->
