<?xml version="1.0" encoding="UTF-8"?>
<!-- Generated by org.testng.reporters.JUnitReportReporter -->
<testsuite hostname="AJ" failures="0" tests="1" name="testcasesScript.Tc_04_Excel" time="0.972" errors="0" timestamp="2024-01-18T11:16:25 IST" skipped="0">
  <testcase classname="testcasesScript.Tc_04_Excel" name="m1" time="0.972"/>
</testsuite> <!-- testcasesScript.Tc_04_Excel -->
