<?xml version="1.0" encoding="UTF-8"?>
<!-- Generated by org.testng.reporters.JUnitReportReporter -->
<testsuite hostname="AJ" failures="0" tests="1" name="testcasesScript.TC_04_ListOfUsers" time="17.376" errors="0" timestamp="2024-02-01T11:37:41 IST" skipped="0">
  <testcase classname="testcasesScript.TC_04_ListOfUsers" name="addNewUser" time="17.376"/>
</testsuite> <!-- testcasesScript.TC_04_ListOfUsers -->
