<?xml version="1.0" encoding="UTF-8"?>
<!-- Generated by org.testng.reporters.JUnitReportReporter -->
<testsuite hostname="AJ" failures="0" tests="1" name="testcasesScript.TC_09_verifyPriorityLevel" time="11.809" errors="0" timestamp="2024-03-22T00:35:43 IST" skipped="0">
  <testcase classname="testcasesScript.TC_09_verifyPriorityLevel" name="checkPriorityLevel" time="11.809"/>
</testsuite> <!-- testcasesScript.TC_09_verifyPriorityLevel -->
