<?xml version="1.0" encoding="UTF-8"?>
<!-- Generated by org.testng.reporters.JUnitReportReporter -->
<testsuite hostname="AJ" failures="0" tests="1" name="testcasesScript.TC_06_taskCancelErrorMsg" time="14.504" errors="0" timestamp="2024-03-03T21:55:08 IST" skipped="0">
  <testcase classname="testcasesScript.TC_06_taskCancelErrorMsg" name="taskCancelErrorMsgValidation" time="14.504"/>
</testsuite> <!-- testcasesScript.TC_06_taskCancelErrorMsg -->
