<?xml version="1.0" encoding="UTF-8"?>
<!-- Generated by org.testng.reporters.JUnitReportReporter -->
<testsuite hostname="AJ" failures="0" tests="1" name="testcasesScript.Tc2" time="14.296" errors="0" timestamp="2024-01-11T11:45:37 IST" skipped="0">
  <testcase classname="testcasesScript.Tc2" name="login" time="14.296"/>
</testsuite> <!-- testcasesScript.Tc2 -->
